<?xml version="1.0" encoding="UTF-8"?>
<testsuite xmlns:xsi="http://www.w3.org/2001/XMLSchema-instance" xsi:noNamespaceSchemaLocation="https://maven.apache.org/surefire/maven-surefire-plugin/xsd/surefire-test-report.xsd" name="com.sling_service_deploy_htl.osgi.ByPathServletTest" time="0.032" tests="1" errors="0" skipped="0" failures="0">
  <properties>
    <property name="sun.desktop" value="gnome"/>
    <property name="awt.toolkit" value="sun.awt.X11.XToolkit"/>
    <property name="file.encoding.pkg" value="sun.io"/>
    <property name="java.specification.version" value="1.8"/>
    <property name="sun.cpu.isalist" value=""/>
    <property name="sun.jnu.encoding" value="UTF-8"/>
    <property name="java.class.path" value="/home/abhishek/IdeaProjects/htl_sightly/target/test-classes:/home/abhishek/IdeaProjects/htl_sightly/target/classes:/home/abhishek/.m2/repository/javax/servlet/servlet-api/2.5/servlet-api-2.5.jar:/home/abhishek/.m2/repository/org/osgi/org.osgi.compendium/4.2.0/org.osgi.compendium-4.2.0.jar:/home/abhishek/.m2/repository/org/osgi/org.osgi.core/4.2.0/org.osgi.core-4.2.0.jar:/home/abhishek/.m2/repository/javax/jcr/jcr/2.0/jcr-2.0.jar:/home/abhishek/.m2/repository/org/apache/sling/org.apache.sling.api/2.9.0/org.apache.sling.api-2.9.0.jar:/home/abhishek/.m2/repository/org/slf4j/slf4j-api/1.7.6/slf4j-api-1.7.6.jar:/home/abhishek/.m2/repository/org/osgi/org.osgi.annotation.versioning/1.0.0/org.osgi.annotation.versioning-1.0.0.jar:/home/abhishek/.m2/repository/org/osgi/org.osgi.service.component.annotations/1.3.0/org.osgi.service.component.annotations-1.3.0.jar:/home/abhishek/.m2/repository/org/osgi/org.osgi.service.metatype.annotations/1.3.0/org.osgi.service.metatype.annotations-1.3.0.jar:/home/abhishek/.m2/repository/org/apache/felix/org.apache.felix.scr.annotations/1.9.12/org.apache.felix.scr.annotations-1.9.12.jar:/home/abhishek/.m2/repository/junit/junit/4.12/junit-4.12.jar:/home/abhishek/.m2/repository/org/hamcrest/hamcrest-core/1.3/hamcrest-core-1.3.jar:/home/abhishek/.m2/repository/org/osgi/org.osgi.annotation/6.0.0/org.osgi.annotation-6.0.0.jar:/home/abhishek/.m2/repository/org/apache/sling/org.apache.sling.scripting.sightly/1.0.0/org.apache.sling.scripting.sightly-1.0.0.jar:/home/abhishek/.m2/repository/org/antlr/antlr4-runtime/4.1/antlr4-runtime-4.1.jar:/home/abhishek/.m2/repository/org/abego/treelayout/org.abego.treelayout.core/1.0.1/org.abego.treelayout.core-1.0.1.jar:"/>
    <property name="java.vm.vendor" value="Azul Systems, Inc."/>
    <property name="sun.arch.data.model" value="64"/>
    <property name="java.vendor.url" value="http://www.azulsystems.com/"/>
    <property name="user.timezone" value=""/>
    <property name="java.vm.specification.version" value="1.8"/>
    <property name="os.name" value="Linux"/>
    <property name="user.country" value="IN"/>
    <property name="sun.java.launcher" value="SUN_STANDARD"/>
    <property name="sun.boot.library.path" value="/home/abhishek/.sdkman/candidates/java/8u152-zulu/jre/lib/amd64"/>
    <property name="sun.java.command" value="/home/abhishek/IdeaProjects/htl_sightly/target/surefire/surefirebooter2367642329346569005.jar /home/abhishek/IdeaProjects/htl_sightly/target/surefire 2018-03-20T01-42-58_528-jvmRun1 surefire4146885607977355848tmp surefire_01006887044594346886tmp"/>
    <property name="surefire.test.class.path" value="/home/abhishek/IdeaProjects/htl_sightly/target/test-classes:/home/abhishek/IdeaProjects/htl_sightly/target/classes:/home/abhishek/.m2/repository/javax/servlet/servlet-api/2.5/servlet-api-2.5.jar:/home/abhishek/.m2/repository/org/osgi/org.osgi.compendium/4.2.0/org.osgi.compendium-4.2.0.jar:/home/abhishek/.m2/repository/org/osgi/org.osgi.core/4.2.0/org.osgi.core-4.2.0.jar:/home/abhishek/.m2/repository/javax/jcr/jcr/2.0/jcr-2.0.jar:/home/abhishek/.m2/repository/org/apache/sling/org.apache.sling.api/2.9.0/org.apache.sling.api-2.9.0.jar:/home/abhishek/.m2/repository/org/slf4j/slf4j-api/1.7.6/slf4j-api-1.7.6.jar:/home/abhishek/.m2/repository/org/osgi/org.osgi.annotation.versioning/1.0.0/org.osgi.annotation.versioning-1.0.0.jar:/home/abhishek/.m2/repository/org/osgi/org.osgi.service.component.annotations/1.3.0/org.osgi.service.component.annotations-1.3.0.jar:/home/abhishek/.m2/repository/org/osgi/org.osgi.service.metatype.annotations/1.3.0/org.osgi.service.metatype.annotations-1.3.0.jar:/home/abhishek/.m2/repository/org/apache/felix/org.apache.felix.scr.annotations/1.9.12/org.apache.felix.scr.annotations-1.9.12.jar:/home/abhishek/.m2/repository/junit/junit/4.12/junit-4.12.jar:/home/abhishek/.m2/repository/org/hamcrest/hamcrest-core/1.3/hamcrest-core-1.3.jar:/home/abhishek/.m2/repository/org/osgi/org.osgi.annotation/6.0.0/org.osgi.annotation-6.0.0.jar:/home/abhishek/.m2/repository/org/apache/sling/org.apache.sling.scripting.sightly/1.0.0/org.apache.sling.scripting.sightly-1.0.0.jar:/home/abhishek/.m2/repository/org/antlr/antlr4-runtime/4.1/antlr4-runtime-4.1.jar:/home/abhishek/.m2/repository/org/abego/treelayout/org.abego.treelayout.core/1.0.1/org.abego.treelayout.core-1.0.1.jar:"/>
    <property name="sun.cpu.endian" value="little"/>
    <property name="user.home" value="/home/abhishek"/>
    <property name="user.language" value="en"/>
    <property name="java.specification.vendor" value="Oracle Corporation"/>
    <property name="java.home" value="/home/abhishek/.sdkman/candidates/java/8u152-zulu/jre"/>
    <property name="basedir" value="/home/abhishek/IdeaProjects/htl_sightly"/>
    <property name="file.separator" value="/"/>
    <property name="line.separator" value="&#10;"/>
    <property name="java.vm.specification.vendor" value="Oracle Corporation"/>
    <property name="java.specification.name" value="Java Platform API Specification"/>
    <property name="java.awt.graphicsenv" value="sun.awt.X11GraphicsEnvironment"/>
    <property name="surefire.real.class.path" value="/home/abhishek/IdeaProjects/htl_sightly/target/surefire/surefirebooter2367642329346569005.jar"/>
    <property name="sun.boot.class.path" value="/home/abhishek/.sdkman/candidates/java/8u152-zulu/jre/lib/resources.jar:/home/abhishek/.sdkman/candidates/java/8u152-zulu/jre/lib/rt.jar:/home/abhishek/.sdkman/candidates/java/8u152-zulu/jre/lib/sunrsasign.jar:/home/abhishek/.sdkman/candidates/java/8u152-zulu/jre/lib/jsse.jar:/home/abhishek/.sdkman/candidates/java/8u152-zulu/jre/lib/jce.jar:/home/abhishek/.sdkman/candidates/java/8u152-zulu/jre/lib/charsets.jar:/home/abhishek/.sdkman/candidates/java/8u152-zulu/jre/lib/jfr.jar:/home/abhishek/.sdkman/candidates/java/8u152-zulu/jre/classes"/>
    <property name="sun.management.compiler" value="HotSpot 64-Bit Tiered Compilers"/>
    <property name="java.runtime.version" value="1.8.0_152-b16"/>
    <property name="user.name" value="abhishek"/>
    <property name="path.separator" value=":"/>
    <property name="os.version" value="4.4.0-116-generic"/>
    <property name="java.endorsed.dirs" value="/home/abhishek/.sdkman/candidates/java/8u152-zulu/jre/lib/endorsed"/>
    <property name="java.runtime.name" value="OpenJDK Runtime Environment"/>
    <property name="file.encoding" value="UTF-8"/>
    <property name="java.vm.name" value="OpenJDK 64-Bit Server VM"/>
    <property name="localRepository" value="/home/abhishek/.m2/repository"/>
    <property name="java.vendor.url.bug" value="http://www.azulsystems.com/support/"/>
    <property name="java.io.tmpdir" value="/tmp"/>
    <property name="java.version" value="1.8.0_152"/>
    <property name="user.dir" value="/home/abhishek/IdeaProjects/htl_sightly"/>
    <property name="os.arch" value="amd64"/>
    <property name="java.vm.specification.name" value="Java Virtual Machine Specification"/>
    <property name="java.awt.printerjob" value="sun.print.PSPrinterJob"/>
    <property name="sun.os.patch.level" value="unknown"/>
    <property name="java.library.path" value="/usr/java/packages/lib/amd64:/usr/lib64:/lib64:/lib:/usr/lib"/>
    <property name="java.vm.info" value="mixed mode"/>
    <property name="java.vendor" value="Azul Systems, Inc."/>
    <property name="java.vm.version" value="25.152-b16"/>
    <property name="java.ext.dirs" value="/home/abhishek/.sdkman/candidates/java/8u152-zulu/jre/lib/ext:/usr/java/packages/lib/ext"/>
    <property name="sun.io.unicode.encoding" value="UnicodeLittle"/>
    <property name="java.class.version" value="52.0"/>
  </properties>
  <testcase name="testByPathServlet" classname="com.sling_service_deploy_htl.osgi.ByPathServletTest" time="0.01"/>
</testsuite>